2022-05-19 14:37:52.463 | INFO     | __main__:<module>:81 - (1/1) 210687/ЭСЗ-В-ТМН-2022-16622 +
2022-05-19 14:37:52.464 | INFO     | __main__:<module>:86 - Good: 1, Bad: 0
2022-05-19 14:39:03.836 | INFO     | __main__:<module>:81 - (1/1) 210687/ЭСЗ-В-ТМН-2022-16622 +
2022-05-19 14:39:03.836 | INFO     | __main__:<module>:86 - Good: 1, Bad: 0
2022-05-19 14:39:34.453 | INFO     | __main__:<module>:81 - (1/1) 177337/В-РИЦ-2022-13482 +
2022-05-19 14:39:34.455 | INFO     | __main__:<module>:86 - Good: 1, Bad: 0
2022-05-19 14:39:59.029 | INFO     | __main__:<module>:81 - (144/1) 182683/И-РИЦ-ВПШ-2022-14638 +
2022-05-19 14:39:59.247 | INFO     | __main__:<module>:81 - (144/2) 2022-208393 +
2022-05-19 14:40:00.182 | INFO     | __main__:<module>:81 - (144/3) 186047/2022-184326 +
2022-05-19 14:40:01.140 | INFO     | __main__:<module>:81 - (144/4) 213232/Проект-РНП-РИЦ-ВПШ-4154 +
2022-05-19 14:40:01.792 | INFO     | __main__:<module>:81 - (144/5) 159238/Проект-РНП-РИЦ-ВПШ-4038 +
2022-05-19 14:40:02.139 | INFO     | __main__:<module>:81 - (144/6) 187858/Проект-H-РИЦ-5340 +
2022-05-19 14:40:02.406 | INFO     | __main__:<module>:81 - (144/7) 2022-187691 +
2022-05-19 14:40:02.635 | INFO     | __main__:<module>:81 - (144/8) 199982/Проект-РНП-РИЦ-ВПШ-4112 +
2022-05-19 14:40:02.919 | INFO     | __main__:<module>:81 - (144/9) 207875/Проект-РНП-РИЦ-ВПШ-4142 +
2022-05-19 14:40:03.737 | INFO     | __main__:<module>:81 - (144/10) 210813/В-Гр-РИЦ-2022-24733 +
2022-05-19 14:40:04.044 | INFO     | __main__:<module>:81 - (144/11) 2022-212135 +
2022-05-19 14:40:04.455 | INFO     | __main__:<module>:81 - (144/12) 199453/В-РИЦ-2022-15301 +
2022-05-19 14:40:05.304 | INFO     | __main__:<module>:81 - (144/13) 185049/Док-РИЦ-ВПШ-2022-0100 +
2022-05-19 14:40:05.583 | INFO     | __main__:<module>:81 - (144/14) 2022-207472 +
2022-05-19 14:40:05.891 | INFO     | __main__:<module>:81 - (144/15) 199791/176267/2022-174665 +
2022-05-19 14:40:06.129 | INFO     | __main__:<module>:81 - (144/16) 158979/2022-157754 +
2022-05-19 14:40:06.577 | INFO     | __main__:<module>:81 - (144/17) 198397/Проект-РНП-РИЦ-ВПШ-4118 +
2022-05-19 14:40:06.788 | INFO     | __main__:<module>:81 - (144/18) 227242/В-РИЦ-ВПШ-2022-16917 +
2022-05-19 14:40:08.551 | INFO     | __main__:<module>:81 - (144/19) 227134/В-РИЦ-ВПШ-2022-16906 +
2022-05-19 14:40:09.346 | INFO     | __main__:<module>:81 - (144/20) 183751/ЭСЗ-РИЦ-ПОЛ-2022-2120 +
2022-05-19 14:40:09.983 | INFO     | __main__:<module>:81 - (144/21) 201325/2022-174665 +
2022-05-19 14:40:10.599 | INFO     | __main__:<module>:81 - (144/22) 172820/ЭСЗ-РИЦ-ПОЛ-2022-1894 +
2022-05-19 14:40:12.096 | INFO     | __main__:<module>:81 - (144/23) 213337/Р-РИЦ-СРЕД-2022-0022 +
2022-05-19 14:40:12.647 | INFO     | __main__:<module>:81 - (144/24) 216704/В-РИЦ-ВПШ-2022-16635 +
2022-05-19 14:40:13.184 | INFO     | __main__:<module>:81 - (144/25) 213199/В-РИЦ-2022-16521 +
2022-05-19 14:40:13.771 | INFO     | __main__:<module>:81 - (144/26) 2022-210515 +
2022-05-19 14:40:14.316 | INFO     | __main__:<module>:81 - (144/27) 209019/В-РИЦ-ВПШ-2022-16009 +
2022-05-19 14:40:14.900 | INFO     | __main__:<module>:81 - (144/28) 211625/В-РИЦ-ВПШ-2022-13446 +
2022-05-19 14:40:15.616 | INFO     | __main__:<module>:81 - (144/29) 208778/В-Гр-РИЦ-2022-24494 +
2022-05-19 14:40:16.283 | INFO     | __main__:<module>:81 - (144/30) 168749/В-РИЦ-ВПШ-2022-12781 +
2022-05-19 14:40:17.357 | INFO     | __main__:<module>:81 - (144/31) 208384/В-РИЦ-ВПШ-2022-16167 +
2022-05-19 14:40:18.279 | INFO     | __main__:<module>:81 - (144/32) 212536/2022-212135 +
2022-05-19 14:40:20.324 | INFO     | __main__:<module>:81 - (144/33) 194931/Проект-H-РИЦ-5340 +
2022-05-19 14:40:21.658 | INFO     | __main__:<module>:81 - (144/34) 2022-212657 +
2022-05-19 14:40:22.476 | INFO     | __main__:<module>:81 - (144/35) 204125/В-Гр-РИЦ-2022-24187 +
2022-05-19 14:40:23.194 | INFO     | __main__:<module>:81 - (144/36) 196145/В-Гр-РИЦ-2022-23222 +
2022-05-19 14:40:24.116 | INFO     | __main__:<module>:81 - (144/37) 204505/В-Гр-РИЦ-2022-23999 +
2022-05-19 14:40:24.479 | INFO     | __main__:<module>:81 - (144/38) 211258/ЭСЗ-В-ТМН-2022-16622 +
2022-05-19 14:40:25.441 | INFO     | __main__:<module>:81 - (144/39) 208950/В-Гр-РИЦ-2022-24423 +
2022-05-19 14:40:26.495 | INFO     | __main__:<module>:81 - (144/40) 208943/В-Гр-РИЦ-2022-24425 +
2022-05-19 14:40:27.121 | INFO     | __main__:<module>:81 - (144/41) 196149/В-Гр-РИЦ-2022-23218 +
2022-05-19 14:40:27.494 | INFO     | __main__:<module>:81 - (144/42) 168514/2022-165271 +
2022-05-19 14:40:28.519 | INFO     | __main__:<module>:81 - (144/43) 208403/В-РИЦ-2022-16054 +
2022-05-19 14:40:30.129 | INFO     | __main__:<module>:81 - (144/44) 213826/2022-213209 +
2022-05-19 14:40:30.464 | INFO     | __main__:<module>:81 - (144/45) 184007/Док-РИЦ-ВПШ-2022-0101 +
2022-05-19 14:40:30.975 | INFO     | __main__:<module>:81 - (144/46) 185857/Док-РИЦ-ВПШ-2022-0100 +
2022-05-19 14:40:31.269 | INFO     | __main__:<module>:81 - (144/47) 212525/В-РИЦ-ВПШ-2022-16493 +
2022-05-19 14:40:31.693 | INFO     | __main__:<module>:81 - (144/48) 176850/В-Гр-РИЦ-2022-20779 +
2022-05-19 14:40:33.175 | INFO     | __main__:<module>:81 - (144/49) 198781/В-РИЦ-ВПШ-2022-15376 +
2022-05-19 14:40:33.428 | INFO     | __main__:<module>:81 - (144/50) 211042/В-РИЦ-ВПШ-2022-16359 +
2022-05-19 14:40:33.839 | INFO     | __main__:<module>:81 - (144/51) 204305/В-РИЦ-ВПШ-2022-15659 +
2022-05-19 14:40:34.151 | INFO     | __main__:<module>:81 - (144/52) 213841/Проект-РНП-РИЦ-ВПШ-4154 +
2022-05-19 14:40:34.562 | INFO     | __main__:<module>:81 - (144/53) 161609/Проект-РНП-РИЦ-ВПШ-4038 +
2022-05-19 14:40:34.969 | INFO     | __main__:<module>:81 - (144/54) 185524/В-РИЦ-ВПШ-2022-12784 +
2022-05-19 14:40:35.238 | INFO     | __main__:<module>:81 - (144/55) 170860/2022-143335 +
2022-05-19 14:40:36.777 | INFO     | __main__:<module>:81 - (144/56) 213840/2022-212075 +
2022-05-19 14:40:37.837 | INFO     | __main__:<module>:81 - (144/57) 213838/2022-212075 +
2022-05-19 14:40:38.350 | INFO     | __main__:<module>:81 - (144/58) 162562/РНП-РИЦ-ВПШ-2022-0015 +
2022-05-19 14:40:38.813 | INFO     | __main__:<module>:81 - (144/59) 209512/В-РИЦ-ВПШ-2022-16264 +
2022-05-19 14:40:39.168 | INFO     | __main__:<module>:81 - (144/60) 204164/В-Гр-РИЦ-2022-23798 +
2022-05-19 14:40:39.682 | INFO     | __main__:<module>:81 - (144/61) 208570/В-РИЦ-ВПШ-2022-16206 +
2022-05-19 14:40:40.090 | INFO     | __main__:<module>:81 - (144/62) 210030/В-РИЦ-ВПШ-2022-16322 +
2022-05-19 14:40:40.706 | INFO     | __main__:<module>:81 - (144/63) 164385/В-РИЦ-2022-10736 +
2022-05-19 14:40:41.187 | INFO     | __main__:<module>:81 - (144/64) 194597/2022-157754 +
2022-05-19 14:40:41.729 | INFO     | __main__:<module>:81 - (144/65) 189121/В-Гр-РИЦ-2022-22309 +
2022-05-19 14:40:42.241 | INFO     | __main__:<module>:81 - (144/66) 196635/В-Гр-РИЦ-2022-23336 +
2022-05-19 14:40:43.367 | INFO     | __main__:<module>:81 - (144/67) 194932/Проект-H-РИЦ-5340 +
2022-05-19 14:40:44.185 | INFO     | __main__:<module>:81 - (144/68) 204134/2022-184326 +
2022-05-19 14:40:44.596 | INFO     | __main__:<module>:81 - (144/69) 198515/Проект-РНП-РИЦ-ВПШ-4118 +
2022-05-19 14:40:46.439 | INFO     | __main__:<module>:81 - (144/70) 2022-212661 +
2022-05-19 14:40:47.051 | INFO     | __main__:<module>:81 - (144/71) 176849/В-Гр-РИЦ-2022-20779 +
2022-05-19 14:40:47.974 | INFO     | __main__:<module>:81 - (144/72) 207885/В-РИЦ-2022-10640 +
2022-05-19 14:40:48.590 | INFO     | __main__:<module>:81 - (144/73) 169256/В-РИЦ-ВПШ-2022-12894 +
2022-05-19 14:40:49.064 | INFO     | __main__:<module>:81 - (144/74) 203816/В-РИЦ-ВПШ-2022-15758 +
2022-05-19 14:40:49.515 | INFO     | __main__:<module>:81 - (144/75) 203798/В-Гр-РИЦ-2022-24116 +
2022-05-19 14:40:49.922 | INFO     | __main__:<module>:81 - (144/76) 192303/В-РИЦ-ВПШ-2022-12894 +
2022-05-19 14:40:50.326 | INFO     | __main__:<module>:81 - (144/77) 191616/В-Гр-РИЦ-2022-22595 +
2022-05-19 14:40:50.652 | INFO     | __main__:<module>:81 - (144/78) 207171/2022-184326 +
2022-05-19 14:40:51.367 | INFO     | __main__:<module>:81 - (144/79) 213836/2022-212075 +
2022-05-19 14:40:52.026 | INFO     | __main__:<module>:81 - (144/80) 200114/Проект-РНП-РИЦ-ВПШ-4112 +
2022-05-19 14:40:52.479 | INFO     | __main__:<module>:81 - (144/81) 207890/Проект-РНП-РИЦ-ВПШ-4142 +
2022-05-19 14:40:52.788 | INFO     | __main__:<module>:81 - (144/82) 2022-166027 +
2022-05-19 14:40:54.007 | INFO     | __main__:<module>:81 - (144/83) 2022-199804 +
2022-05-19 14:40:55.241 | INFO     | __main__:<module>:81 - (144/84) 2022-199803 +
2022-05-19 14:40:56.679 | INFO     | __main__:<module>:81 - (144/85) 2022-199802 +
2022-05-19 14:40:57.160 | INFO     | __main__:<module>:81 - (144/86) 203796/В-Гр-РИЦ-2022-24116 +
2022-05-19 14:40:57.701 | INFO     | __main__:<module>:81 - (144/87) 153712/В-РИЦ-2022-10736 +
2022-05-19 14:40:58.263 | INFO     | __main__:<module>:81 - (144/88) 194598/В-РИЦ-ВПШ-2022-14148 +
2022-05-19 14:40:59.138 | INFO     | __main__:<module>:81 - (144/89) 2022-188300 +
2022-05-19 14:40:59.648 | INFO     | __main__:<module>:81 - (144/90) 188542/2022-157754 +
2022-05-19 14:40:59.956 | INFO     | __main__:<module>:81 - (144/91) 175602/В-РИЦ-ВПШ-2022-13376 +
2022-05-19 14:41:00.159 | INFO     | __main__:<module>:81 - (144/92) 216253/В-РИЦ-ВПШ-2022-16717 +
2022-05-19 14:41:00.467 | INFO     | __main__:<module>:81 - (144/93) 208412/2022-207472 +
2022-05-19 14:41:00.690 | INFO     | __main__:<module>:81 - (144/94) 199797/176267/2022-174665 +
2022-05-19 14:41:00.980 | INFO     | __main__:<module>:81 - (144/95) 213824/В-РИЦ-ВПШ-2022-16513 +
2022-05-19 14:41:01.241 | INFO     | __main__:<module>:81 - (144/96) 213825/В-РИЦ-2022-16521 +
2022-05-19 14:41:01.428 | INFO     | __main__:<module>:81 - (144/97) 230995/В-РИЦ-ВПШ-2022-16415 +
2022-05-19 14:41:01.799 | INFO     | __main__:<module>:81 - (144/98) 204493/В-Гр-РИЦ-2022-24001 +
2022-05-19 14:41:02.038 | INFO     | __main__:<module>:81 - (144/99) 204961/В-Гр-РИЦ-2022-23926 +
2022-05-19 14:41:02.514 | INFO     | __main__:<module>:81 - (144/100) 150807/В-РИЦ-2022-11229 +
2022-05-19 14:41:02.924 | INFO     | __main__:<module>:81 - (144/101) 197354/В-Гр-РИЦ-2022-23346 +
2022-05-19 14:41:03.091 | INFO     | __main__:<module>:81 - (144/102) 2022-212786 +
2022-05-19 14:41:03.299 | INFO     | __main__:<module>:81 - (144/103) 181665/В-РИЦ-ВПШ-2022-13830 +
2022-05-19 14:41:03.642 | INFO     | __main__:<module>:81 - (144/104) 185439/В-Гр-РИЦ-2022-21801 +
2022-05-19 14:41:03.904 | INFO     | __main__:<module>:81 - (144/105) 2022-85216 +
2022-05-19 14:41:04.182 | INFO     | __main__:<module>:81 - (144/106) 188266/В-Гр-РИЦ-2022-22297 +
2022-05-19 14:41:04.359 | INFO     | __main__:<module>:81 - (144/107) 211632/В-РИЦ-ВПШ-2022-14148 +
2022-05-19 14:41:04.640 | INFO     | __main__:<module>:81 - (144/108) 211888/В-РИЦ-ВПШ-2022-15286 +
2022-05-19 14:41:05.039 | INFO     | __main__:<module>:81 - (144/109) 191615/В-Гр-РИЦ-2022-22599 +
2022-05-19 14:41:05.485 | INFO     | __main__:<module>:81 - (144/110) 220659/В-Гр-РИЦ-2022-24420 +
2022-05-19 14:41:05.754 | INFO     | __main__:<module>:81 - (144/111) 205420/В-Гр-РИЦ-2022-24250 +
2022-05-19 14:41:06.005 | INFO     | __main__:<module>:81 - (144/112) 204157/2022-174665 +
2022-05-19 14:41:06.227 | INFO     | __main__:<module>:81 - (144/113) 188239/2022-183093 +
2022-05-19 14:41:06.509 | INFO     | __main__:<module>:81 - (144/114) 213842/2022-172775 +
2022-05-19 14:41:06.696 | INFO     | __main__:<module>:81 - (144/115) 204245/В-РИЦ-ВПШ-2022-14082 +
2022-05-19 14:41:06.910 | INFO     | __main__:<module>:81 - (144/116) 205419/В-Гр-РИЦ-2022-24253 +
2022-05-19 14:41:07.123 | INFO     | __main__:<module>:81 - (144/117) 176430/В-РИЦ-ВПШ-2022-13355 +
2022-05-19 14:41:07.430 | INFO     | __main__:<module>:81 - (144/118) 208828/В-РИЦ-ВПШ-2022-16044 +
2022-05-19 14:41:07.672 | INFO     | __main__:<module>:81 - (144/119) 208977/В-РИЦ-ВПШ-2022-16021 +
2022-05-19 14:41:07.909 | INFO     | __main__:<module>:81 - (144/120) 183937/В-РИЦ-ВПШ-2022-14148 +
2022-05-19 14:41:08.169 | INFO     | __main__:<module>:81 - (144/121) 161725/В-РИЦ-2022-11835 +
2022-05-19 14:41:08.437 | INFO     | __main__:<module>:81 - (144/122) 186545/В-РИЦ-ВПШ-2022-14262 +
2022-05-19 14:41:08.655 | INFO     | __main__:<module>:81 - (144/123) 198559/В-РИЦ-ВПШ-2022-15286 +
2022-05-19 14:41:08.849 | INFO     | __main__:<module>:81 - (144/124) 191614/В-Гр-РИЦ-2022-22600 +
2022-05-19 14:41:09.232 | INFO     | __main__:<module>:81 - (144/125) 212464/В-Гр-РИЦ-2022-24970 +
2022-05-19 14:41:09.480 | INFO     | __main__:<module>:81 - (144/126) 168441/В-РИЦ-ВПШ-2022-12712 +
2022-05-19 14:41:09.716 | INFO     | __main__:<module>:81 - (144/127) 204009/В-РИЦ-ВПШ-2022-15778 +
2022-05-19 14:41:09.935 | INFO     | __main__:<module>:81 - (144/128) 2022-206985 +
2022-05-19 14:41:10.604 | INFO     | __main__:<module>:81 - (144/129) 152379/2022-139285 +
2022-05-19 14:41:10.929 | INFO     | __main__:<module>:81 - (144/130) 208986/В-Гр-РИЦ-2022-24420 +
2022-05-19 14:41:11.321 | INFO     | __main__:<module>:81 - (144/131) 186714/В-РИЦ-2022-13482 +
2022-05-19 14:41:11.732 | INFO     | __main__:<module>:81 - (144/132) 192581/В-Гр-РИЦ-2022-21677 +
2022-05-19 14:41:12.971 | INFO     | __main__:<module>:81 - (144/133) 187713/2022-187691 +
2022-05-19 14:41:13.369 | INFO     | __main__:<module>:81 - (144/134) 204211/В-Гр-РИЦ-2022-23853 +
2022-05-19 14:41:15.312 | INFO     | __main__:<module>:81 - (144/135) 213835/2022-212075 +
2022-05-19 14:41:15.826 | INFO     | __main__:<module>:81 - (144/136) 203775/В-Гр-РИЦ-2022-24117 +
2022-05-19 14:41:16.305 | INFO     | __main__:<module>:81 - (144/137) 212920/В-Гр-РИЦ-2022-25036 +
2022-05-19 14:41:16.748 | INFO     | __main__:<module>:81 - (144/138) 192608/В-Гр-РИЦ-2022-22786 +
2022-05-19 14:41:17.158 | INFO     | __main__:<module>:81 - (144/139) 193135/В-РИЦ-ВПШ-2022-14911 +
2022-05-19 14:41:18.181 | INFO     | __main__:<module>:81 - (144/140) 185988/В-РИЦ-ВПШ-2022-14272 +
2022-05-19 14:41:18.490 | INFO     | __main__:<module>:81 - (144/141) 204187/В-Гр-РИЦ-2022-23820 +
2022-05-19 14:41:18.899 | INFO     | __main__:<module>:81 - (144/142) 176434/В-РИЦ-ВПШ-2022-13348 +
2022-05-19 14:41:19.412 | INFO     | __main__:<module>:81 - (144/143) 173325/В-РИЦ-ВПШ-2022-13049 +
2022-05-19 14:41:19.797 | INFO     | __main__:<module>:81 - (144/144) 211282/2022-210515 +
2022-05-19 14:41:19.798 | INFO     | __main__:<module>:86 - Good: 144, Bad: 0
